<?xml version="1.0" encoding="UTF-8"?>
<testsuite name="com.jujuidu.book.springboot.web.dto.HelloResponseDtoTest" tests="1" skipped="0" failures="0" errors="0" timestamp="2021-04-11T07:33:43" hostname="DESKTOP-NM8ES6P" time="0.005">
  <properties/>
  <testcase name="롬북_기능_테스트" classname="com.jujuidu.book.springboot.web.dto.HelloResponseDtoTest" time="0.005"/>
  <system-out><![CDATA[]]></system-out>
  <system-err><![CDATA[]]></system-err>
</testsuite>
