<?xml version="1.0" encoding="UTF-8"?>
<testsuite name="com.jujuidu.book.springboot.domain.posts.PostsRepositoryTest" tests="2" skipped="0" failures="0" errors="0" timestamp="2021-04-07T14:17:03" hostname="DESKTOP-NM8ES6P" time="0.369">
  <properties/>
  <testcase name="게시글저장_불러오기" classname="com.jujuidu.book.springboot.domain.posts.PostsRepositoryTest" time="0.354"/>
  <testcase name="BaseTimeEntity_등록" classname="com.jujuidu.book.springboot.domain.posts.PostsRepositoryTest" time="0.014"/>
  <system-out><![CDATA[2021-04-07 23:16:56.775  INFO 12504 --- [    Test worker] .b.t.c.SpringBootTestContextBootstrapper : Neither @ContextConfiguration nor @ContextHierarchy found for test class [com.jujuidu.book.springboot.domain.posts.PostsRepositoryTest], using SpringBootContextLoader
2021-04-07 23:16:56.777  INFO 12504 --- [    Test worker] o.s.t.c.support.AbstractContextLoader    : Could not detect default resource locations for test class [com.jujuidu.book.springboot.domain.posts.PostsRepositoryTest]: no resource found for suffixes {-context.xml, Context.groovy}.
2021-04-07 23:16:56.777  INFO 12504 --- [    Test worker] t.c.s.AnnotationConfigContextLoaderUtils : Could not detect default configuration classes for test class [com.jujuidu.book.springboot.domain.posts.PostsRepositoryTest]: PostsRepositoryTest does not declare any static, non-private, non-final, nested classes annotated with @Configuration.
2021-04-07 23:16:56.791  INFO 12504 --- [    Test worker] .b.t.c.SpringBootTestContextBootstrapper : Found @SpringBootConfiguration com.jujuidu.book.springboot.Application for test class com.jujuidu.book.springboot.domain.posts.PostsRepositoryTest
2021-04-07 23:16:56.794  INFO 12504 --- [    Test worker] .b.t.c.SpringBootTestContextBootstrapper : Loaded default TestExecutionListener class names from location [META-INF/spring.factories]: [org.springframework.security.test.context.support.WithSecurityContextTestExecutionListener, org.springframework.security.test.context.support.ReactorContextTestExecutionListener, org.springframework.boot.test.autoconfigure.restdocs.RestDocsTestExecutionListener, org.springframework.boot.test.autoconfigure.web.client.MockRestServiceServerResetTestExecutionListener, org.springframework.boot.test.autoconfigure.web.servlet.MockMvcPrintOnlyOnFailureTestExecutionListener, org.springframework.boot.test.autoconfigure.web.servlet.WebDriverTestExecutionListener, org.springframework.boot.test.mock.mockito.MockitoTestExecutionListener, org.springframework.boot.test.mock.mockito.ResetMocksTestExecutionListener, org.springframework.test.context.web.ServletTestExecutionListener, org.springframework.test.context.support.DirtiesContextBeforeModesTestExecutionListener, org.springframework.test.context.support.DependencyInjectionTestExecutionListener, org.springframework.test.context.support.DirtiesContextTestExecutionListener, org.springframework.test.context.transaction.TransactionalTestExecutionListener, org.springframework.test.context.jdbc.SqlScriptsTestExecutionListener]
2021-04-07 23:16:56.795  INFO 12504 --- [    Test worker] .b.t.c.SpringBootTestContextBootstrapper : Using TestExecutionListeners: [org.springframework.test.context.web.ServletTestExecutionListener@2bdfde7d, org.springframework.test.context.support.DirtiesContextBeforeModesTestExecutionListener@45dbe9c8, org.springframework.boot.test.mock.mockito.MockitoTestExecutionListener@43446520, org.springframework.boot.test.autoconfigure.SpringBootDependencyInjectionTestExecutionListener@1ce4f993, org.springframework.test.context.support.DirtiesContextTestExecutionListener@499df044, org.springframework.test.context.transaction.TransactionalTestExecutionListener@5312d516, org.springframework.test.context.jdbc.SqlScriptsTestExecutionListener@331fc731, org.springframework.security.test.context.support.WithSecurityContextTestExecutionListener@88c98a0, org.springframework.security.test.context.support.ReactorContextTestExecutionListener@2eb55625, org.springframework.boot.test.autoconfigure.restdocs.RestDocsTestExecutionListener@6b4a8c80, org.springframework.boot.test.autoconfigure.web.client.MockRestServiceServerResetTestExecutionListener@2621e897, org.springframework.boot.test.autoconfigure.web.servlet.MockMvcPrintOnlyOnFailureTestExecutionListener@4a043d6b, org.springframework.boot.test.autoconfigure.web.servlet.WebDriverTestExecutionListener@4e844e70, org.springframework.boot.test.mock.mockito.ResetMocksTestExecutionListener@7195f5ac]

  .   ____          _            __ _ _
 /\\ / ___'_ __ _ _(_)_ __  __ _ \ \ \ \
( ( )\___ | '_ | '_| | '_ \/ _` | \ \ \ \
 \\/  ___)| |_)| | | | | || (_| |  ) ) ) )
  '  |____| .__|_| |_|_| |_\__, | / / / /
 =========|_|==============|___/=/_/_/_/
 :: Spring Boot ::        (v2.1.9.RELEASE)

2021-04-07 23:16:56.863  INFO 12504 --- [    Test worker] c.j.b.s.d.posts.PostsRepositoryTest      : Starting PostsRepositoryTest on DESKTOP-NM8ES6P with PID 12504 (started by gusdl in C:\Users\gusdl\IdeaProjects\freelec-springboot-webservice)
2021-04-07 23:16:56.863  INFO 12504 --- [    Test worker] c.j.b.s.d.posts.PostsRepositoryTest      : The following profiles are active: oauth
2021-04-07 23:16:57.469  INFO 12504 --- [    Test worker] .s.d.r.c.RepositoryConfigurationDelegate : Bootstrapping Spring Data repositories in DEFAULT mode.
2021-04-07 23:16:57.566  INFO 12504 --- [    Test worker] .s.d.r.c.RepositoryConfigurationDelegate : Finished Spring Data repository scanning in 87ms. Found 2 repository interfaces.
2021-04-07 23:16:57.896  INFO 12504 --- [    Test worker] trationDelegate$BeanPostProcessorChecker : Bean 'org.springframework.transaction.annotation.ProxyTransactionManagementConfiguration' of type [org.springframework.transaction.annotation.ProxyTransactionManagementConfiguration$$EnhancerBySpringCGLIB$$f97194c6] is not eligible for getting processed by all BeanPostProcessors (for example: not eligible for auto-proxying)
2021-04-07 23:16:58.191  INFO 12504 --- [    Test worker] com.zaxxer.hikari.HikariDataSource       : HikariPool-1 - Starting...
2021-04-07 23:16:58.429  INFO 12504 --- [    Test worker] com.zaxxer.hikari.HikariDataSource       : HikariPool-1 - Start completed.
2021-04-07 23:16:58.550  INFO 12504 --- [    Test worker] o.hibernate.jpa.internal.util.LogHelper  : HHH000204: Processing PersistenceUnitInfo [
	name: default
	...]
2021-04-07 23:16:58.691  INFO 12504 --- [    Test worker] org.hibernate.Version                    : HHH000412: Hibernate Core {5.3.12.Final}
2021-04-07 23:16:58.696  INFO 12504 --- [    Test worker] org.hibernate.cfg.Environment            : HHH000206: hibernate.properties not found
2021-04-07 23:16:58.828  INFO 12504 --- [    Test worker] o.hibernate.annotations.common.Version   : HCANN000001: Hibernate Commons Annotations {5.0.4.Final}
2021-04-07 23:16:59.230  INFO 12504 --- [    Test worker] org.hibernate.dialect.Dialect            : HHH000400: Using dialect: org.hibernate.dialect.H2Dialect
Hibernate: drop table posts if exists
Hibernate: drop table user if exists
Hibernate: create table posts (id bigint generated by default as identity, create_date timestamp, modified_date timestamp, author varchar(255), content TEXT not null, title varchar(500) not null, primary key (id))
Hibernate: create table user (id bigint generated by default as identity, create_date timestamp, modified_date timestamp, email varchar(255) not null, name varchar(255) not null, picture varchar(255), role varchar(255) not null, primary key (id))
2021-04-07 23:17:00.519  INFO 12504 --- [    Test worker] o.h.t.schema.internal.SchemaCreatorImpl  : HHH000476: Executing import script 'org.hibernate.tool.schema.internal.exec.ScriptSourceInputNonExistentImpl@28b7877f'
2021-04-07 23:17:00.524  INFO 12504 --- [    Test worker] j.LocalContainerEntityManagerFactoryBean : Initialized JPA EntityManagerFactory for persistence unit 'default'
2021-04-07 23:17:01.282  INFO 12504 --- [    Test worker] o.h.h.i.QueryTranslatorFactoryInitiator  : HHH000397: Using ASTQueryTranslatorFactory
2021-04-07 23:17:01.905  INFO 12504 --- [    Test worker] o.s.s.web.DefaultSecurityFilterChain     : Creating filter chain: any request, [org.springframework.security.web.context.request.async.WebAsyncManagerIntegrationFilter@9deef86, org.springframework.security.web.context.SecurityContextPersistenceFilter@4868f226, org.springframework.security.web.header.HeaderWriterFilter@4ae9bb19, org.springframework.security.web.authentication.logout.LogoutFilter@3b1844cc, org.springframework.security.oauth2.client.web.OAuth2AuthorizationRequestRedirectFilter@241832da, org.springframework.security.oauth2.client.web.OAuth2LoginAuthenticationFilter@3745c388, org.springframework.security.web.authentication.ui.DefaultLoginPageGeneratingFilter@34ee69b5, org.springframework.security.web.authentication.ui.DefaultLogoutPageGeneratingFilter@4bc7859, org.springframework.security.web.savedrequest.RequestCacheAwareFilter@56baa22f, org.springframework.security.web.servletapi.SecurityContextHolderAwareRequestFilter@518cfa92, org.springframework.security.web.authentication.AnonymousAuthenticationFilter@1dfca2c5, org.springframework.security.web.session.SessionManagementFilter@7f734e98, org.springframework.security.web.access.ExceptionTranslationFilter@3aa49d11, org.springframework.security.web.access.intercept.FilterSecurityInterceptor@37360424]
2021-04-07 23:17:02.570  INFO 12504 --- [    Test worker] o.s.s.concurrent.ThreadPoolTaskExecutor  : Initializing ExecutorService 'applicationTaskExecutor'
2021-04-07 23:17:02.605  WARN 12504 --- [    Test worker] aWebConfiguration$JpaWebMvcConfiguration : spring.jpa.open-in-view is enabled by default. Therefore, database queries may be performed during view rendering. Explicitly configure spring.jpa.open-in-view to disable this warning
2021-04-07 23:17:02.672  INFO 12504 --- [    Test worker] o.s.b.a.w.s.WelcomePageHandlerMapping    : Adding welcome page template: index
2021-04-07 23:17:03.448  INFO 12504 --- [    Test worker] s.a.ScheduledAnnotationBeanPostProcessor : No TaskScheduler/ScheduledExecutorService bean found for scheduled processing
2021-04-07 23:17:03.461  INFO 12504 --- [    Test worker] c.j.b.s.d.posts.PostsRepositoryTest      : Started PostsRepositoryTest in 6.663 seconds (JVM running for 12.547)
Hibernate: insert into posts (id, create_date, modified_date, author, content, title) values (null, ?, ?, ?, ?, ?)
Hibernate: select posts0_.id as id1_0_, posts0_.create_date as create_d2_0_, posts0_.modified_date as modified3_0_, posts0_.author as author4_0_, posts0_.content as content5_0_, posts0_.title as title6_0_ from posts posts0_
Hibernate: select posts0_.id as id1_0_, posts0_.create_date as create_d2_0_, posts0_.modified_date as modified3_0_, posts0_.author as author4_0_, posts0_.content as content5_0_, posts0_.title as title6_0_ from posts posts0_
Hibernate: delete from posts where id=?
Hibernate: insert into posts (id, create_date, modified_date, author, content, title) values (null, ?, ?, ?, ?, ?)
Hibernate: select posts0_.id as id1_0_, posts0_.create_date as create_d2_0_, posts0_.modified_date as modified3_0_, posts0_.author as author4_0_, posts0_.content as content5_0_, posts0_.title as title6_0_ from posts posts0_
>>>>>>>>>>>>> createDate=2021-04-07T23:17:03.826,modifideDate= 2021-04-07T23:17:03.826
Hibernate: select posts0_.id as id1_0_, posts0_.create_date as create_d2_0_, posts0_.modified_date as modified3_0_, posts0_.author as author4_0_, posts0_.content as content5_0_, posts0_.title as title6_0_ from posts posts0_
Hibernate: delete from posts where id=?
]]></system-out>
  <system-err><![CDATA[]]></system-err>
</testsuite>
