<?xml version="1.0" encoding="UTF-8"?>
<testsuite name="com.jujuidu.book.springboot.web.HelloControllerTest" tests="2" skipped="0" failures="0" errors="0" timestamp="2021-04-07T14:16:56" hostname="DESKTOP-NM8ES6P" time="0.43">
  <properties/>
  <testcase name="hello가_리턴된다" classname="com.jujuidu.book.springboot.web.HelloControllerTest" time="0.324"/>
  <testcase name="helloDto가_리턴된다" classname="com.jujuidu.book.springboot.web.HelloControllerTest" time="0.105"/>
  <system-out><![CDATA[23:16:52.297 [Test worker] DEBUG org.springframework.test.context.junit4.SpringJUnit4ClassRunner - SpringJUnit4ClassRunner constructor called with [class com.jujuidu.book.springboot.web.HelloControllerTest]
23:16:52.307 [Test worker] DEBUG org.springframework.test.context.BootstrapUtils - Instantiating CacheAwareContextLoaderDelegate from class [org.springframework.test.context.cache.DefaultCacheAwareContextLoaderDelegate]
23:16:52.321 [Test worker] DEBUG org.springframework.test.context.BootstrapUtils - Instantiating BootstrapContext using constructor [public org.springframework.test.context.support.DefaultBootstrapContext(java.lang.Class,org.springframework.test.context.CacheAwareContextLoaderDelegate)]
23:16:52.345 [Test worker] DEBUG org.springframework.test.context.BootstrapUtils - Instantiating TestContextBootstrapper for test class [com.jujuidu.book.springboot.web.HelloControllerTest] from class [org.springframework.boot.test.autoconfigure.web.servlet.WebMvcTestContextBootstrapper]
23:16:52.371 [Test worker] INFO org.springframework.boot.test.autoconfigure.web.servlet.WebMvcTestContextBootstrapper - Neither @ContextConfiguration nor @ContextHierarchy found for test class [com.jujuidu.book.springboot.web.HelloControllerTest], using SpringBootContextLoader
23:16:52.375 [Test worker] DEBUG org.springframework.test.context.support.AbstractContextLoader - Did not detect default resource location for test class [com.jujuidu.book.springboot.web.HelloControllerTest]: class path resource [com/jujuidu/book/springboot/web/HelloControllerTest-context.xml] does not exist
23:16:52.376 [Test worker] DEBUG org.springframework.test.context.support.AbstractContextLoader - Did not detect default resource location for test class [com.jujuidu.book.springboot.web.HelloControllerTest]: class path resource [com/jujuidu/book/springboot/web/HelloControllerTestContext.groovy] does not exist
23:16:52.376 [Test worker] INFO org.springframework.test.context.support.AbstractContextLoader - Could not detect default resource locations for test class [com.jujuidu.book.springboot.web.HelloControllerTest]: no resource found for suffixes {-context.xml, Context.groovy}.
23:16:52.377 [Test worker] INFO org.springframework.test.context.support.AnnotationConfigContextLoaderUtils - Could not detect default configuration classes for test class [com.jujuidu.book.springboot.web.HelloControllerTest]: HelloControllerTest does not declare any static, non-private, non-final, nested classes annotated with @Configuration.
23:16:52.462 [Test worker] DEBUG org.springframework.test.context.support.ActiveProfilesUtils - Could not find an 'annotation declaring class' for annotation type [org.springframework.test.context.ActiveProfiles] and class [com.jujuidu.book.springboot.web.HelloControllerTest]
23:16:52.565 [Test worker] DEBUG org.springframework.context.annotation.ClassPathScanningCandidateComponentProvider - Identified candidate component class: file [C:\Users\gusdl\IdeaProjects\freelec-springboot-webservice\build\classes\java\main\com\jujuidu\book\springboot\Application.class]
23:16:52.567 [Test worker] INFO org.springframework.boot.test.context.SpringBootTestContextBootstrapper - Found @SpringBootConfiguration com.jujuidu.book.springboot.Application for test class com.jujuidu.book.springboot.web.HelloControllerTest
23:16:52.569 [Test worker] DEBUG org.springframework.boot.test.autoconfigure.web.servlet.WebMvcTestContextBootstrapper - @TestExecutionListeners is not present for class [com.jujuidu.book.springboot.web.HelloControllerTest]: using defaults.
23:16:52.570 [Test worker] INFO org.springframework.boot.test.autoconfigure.web.servlet.WebMvcTestContextBootstrapper - Loaded default TestExecutionListener class names from location [META-INF/spring.factories]: [org.springframework.security.test.context.support.WithSecurityContextTestExecutionListener, org.springframework.security.test.context.support.ReactorContextTestExecutionListener, org.springframework.boot.test.autoconfigure.restdocs.RestDocsTestExecutionListener, org.springframework.boot.test.autoconfigure.web.client.MockRestServiceServerResetTestExecutionListener, org.springframework.boot.test.autoconfigure.web.servlet.MockMvcPrintOnlyOnFailureTestExecutionListener, org.springframework.boot.test.autoconfigure.web.servlet.WebDriverTestExecutionListener, org.springframework.boot.test.mock.mockito.MockitoTestExecutionListener, org.springframework.boot.test.mock.mockito.ResetMocksTestExecutionListener, org.springframework.test.context.web.ServletTestExecutionListener, org.springframework.test.context.support.DirtiesContextBeforeModesTestExecutionListener, org.springframework.test.context.support.DependencyInjectionTestExecutionListener, org.springframework.test.context.support.DirtiesContextTestExecutionListener, org.springframework.test.context.transaction.TransactionalTestExecutionListener, org.springframework.test.context.jdbc.SqlScriptsTestExecutionListener]
23:16:52.599 [Test worker] INFO org.springframework.boot.test.autoconfigure.web.servlet.WebMvcTestContextBootstrapper - Using TestExecutionListeners: [org.springframework.test.context.web.ServletTestExecutionListener@24504354, org.springframework.test.context.support.DirtiesContextBeforeModesTestExecutionListener@1127dcd9, org.springframework.boot.test.mock.mockito.MockitoTestExecutionListener@4623160, org.springframework.boot.test.autoconfigure.SpringBootDependencyInjectionTestExecutionListener@26f258b3, org.springframework.test.context.support.DirtiesContextTestExecutionListener@1ee5da, org.springframework.test.context.transaction.TransactionalTestExecutionListener@2f703014, org.springframework.test.context.jdbc.SqlScriptsTestExecutionListener@3a8cfdab, org.springframework.security.test.context.support.WithSecurityContextTestExecutionListener@e8f1d89, org.springframework.security.test.context.support.ReactorContextTestExecutionListener@794809b7, org.springframework.boot.test.autoconfigure.restdocs.RestDocsTestExecutionListener@5796661a, org.springframework.boot.test.autoconfigure.web.client.MockRestServiceServerResetTestExecutionListener@a2aa8e6, org.springframework.boot.test.autoconfigure.web.servlet.MockMvcPrintOnlyOnFailureTestExecutionListener@7cbf8f7f, org.springframework.boot.test.autoconfigure.web.servlet.WebDriverTestExecutionListener@458334ee, org.springframework.boot.test.mock.mockito.ResetMocksTestExecutionListener@21c12cf2]
23:16:52.603 [Test worker] DEBUG org.springframework.test.annotation.ProfileValueUtils - Retrieved @ProfileValueSourceConfiguration [null] for test class [com.jujuidu.book.springboot.web.HelloControllerTest]
23:16:52.604 [Test worker] DEBUG org.springframework.test.annotation.ProfileValueUtils - Retrieved ProfileValueSource type [class org.springframework.test.annotation.SystemProfileValueSource] for class [com.jujuidu.book.springboot.web.HelloControllerTest]
23:16:52.604 [Test worker] DEBUG org.springframework.test.annotation.ProfileValueUtils - Retrieved @ProfileValueSourceConfiguration [null] for test class [com.jujuidu.book.springboot.web.HelloControllerTest]
23:16:52.605 [Test worker] DEBUG org.springframework.test.annotation.ProfileValueUtils - Retrieved ProfileValueSource type [class org.springframework.test.annotation.SystemProfileValueSource] for class [com.jujuidu.book.springboot.web.HelloControllerTest]
23:16:52.610 [Test worker] DEBUG org.springframework.test.context.support.AbstractDirtiesContextTestExecutionListener - Before test class: context [DefaultTestContext@2352b3f0 testClass = HelloControllerTest, testInstance = [null], testMethod = [null], testException = [null], mergedContextConfiguration = [WebMergedContextConfiguration@5e04c4c5 testClass = HelloControllerTest, locations = '{}', classes = '{class com.jujuidu.book.springboot.Application}', contextInitializerClasses = '[]', activeProfiles = '{}', propertySourceLocations = '{}', propertySourceProperties = '{org.springframework.boot.test.autoconfigure.web.servlet.WebMvcTestContextBootstrapper=true}', contextCustomizers = set[org.springframework.boot.test.autoconfigure.OverrideAutoConfigurationContextCustomizerFactory$DisableAutoConfigurationContextCustomizer@429d611e, org.springframework.boot.test.autoconfigure.filter.TypeExcludeFiltersContextCustomizer@51d68895, org.springframework.boot.test.autoconfigure.properties.PropertyMappingContextCustomizer@9ccda4a6, org.springframework.boot.test.autoconfigure.web.servlet.WebDriverContextCustomizerFactory$Customizer@5f552287, [ImportsContextCustomizer@1c86a2b8 key = [org.springframework.boot.autoconfigure.cache.CacheAutoConfiguration, org.springframework.boot.autoconfigure.context.MessageSourceAutoConfiguration, org.springframework.boot.autoconfigure.data.web.SpringDataWebAutoConfiguration, org.springframework.boot.autoconfigure.freemarker.FreeMarkerAutoConfiguration, org.springframework.boot.autoconfigure.groovy.template.GroovyTemplateAutoConfiguration, org.springframework.boot.autoconfigure.gson.GsonAutoConfiguration, org.springframework.boot.autoconfigure.hateoas.HypermediaAutoConfiguration, org.springframework.boot.autoconfigure.http.HttpMessageConvertersAutoConfiguration, org.springframework.boot.autoconfigure.jackson.JacksonAutoConfiguration, org.springframework.boot.autoconfigure.jsonb.JsonbAutoConfiguration, org.springframework.boot.autoconfigure.mustache.MustacheAutoConfiguration, org.springframework.boot.autoconfigure.task.TaskExecutionAutoConfiguration, org.springframework.boot.autoconfigure.thymeleaf.ThymeleafAutoConfiguration, org.springframework.boot.autoconfigure.validation.ValidationAutoConfiguration, org.springframework.boot.autoconfigure.web.servlet.error.ErrorMvcAutoConfiguration, org.springframework.boot.autoconfigure.web.servlet.WebMvcAutoConfiguration, org.springframework.boot.test.autoconfigure.web.servlet.MockMvcAutoConfiguration, org.springframework.boot.test.autoconfigure.web.servlet.MockMvcSecurityAutoConfiguration, org.springframework.boot.test.autoconfigure.web.servlet.MockMvcWebClientAutoConfiguration, org.springframework.boot.test.autoconfigure.web.servlet.MockMvcWebDriverAutoConfiguration]], org.springframework.boot.test.context.filter.ExcludeFilterContextCustomizer@6e1adf58, org.springframework.boot.test.json.DuplicateJsonObjectContextCustomizerFactory$DuplicateJsonObjectContextCustomizer@2d1123ab, org.springframework.boot.test.mock.mockito.MockitoContextCustomizer@0], resourceBasePath = 'src/main/webapp', contextLoader = 'org.springframework.boot.test.context.SpringBootContextLoader', parent = [null]], attributes = map[[empty]]], class annotated with @DirtiesContext [false] with mode [null].
23:16:52.612 [Test worker] DEBUG org.springframework.test.annotation.ProfileValueUtils - Retrieved @ProfileValueSourceConfiguration [null] for test class [com.jujuidu.book.springboot.web.HelloControllerTest]
23:16:52.612 [Test worker] DEBUG org.springframework.test.annotation.ProfileValueUtils - Retrieved ProfileValueSource type [class org.springframework.test.annotation.SystemProfileValueSource] for class [com.jujuidu.book.springboot.web.HelloControllerTest]
23:16:52.618 [Test worker] DEBUG org.springframework.test.context.support.DependencyInjectionTestExecutionListener - Performing dependency injection for test context [[DefaultTestContext@2352b3f0 testClass = HelloControllerTest, testInstance = com.jujuidu.book.springboot.web.HelloControllerTest@6ffc6eb8, testMethod = [null], testException = [null], mergedContextConfiguration = [WebMergedContextConfiguration@5e04c4c5 testClass = HelloControllerTest, locations = '{}', classes = '{class com.jujuidu.book.springboot.Application}', contextInitializerClasses = '[]', activeProfiles = '{}', propertySourceLocations = '{}', propertySourceProperties = '{org.springframework.boot.test.autoconfigure.web.servlet.WebMvcTestContextBootstrapper=true}', contextCustomizers = set[org.springframework.boot.test.autoconfigure.OverrideAutoConfigurationContextCustomizerFactory$DisableAutoConfigurationContextCustomizer@429d611e, org.springframework.boot.test.autoconfigure.filter.TypeExcludeFiltersContextCustomizer@51d68895, org.springframework.boot.test.autoconfigure.properties.PropertyMappingContextCustomizer@9ccda4a6, org.springframework.boot.test.autoconfigure.web.servlet.WebDriverContextCustomizerFactory$Customizer@5f552287, [ImportsContextCustomizer@1c86a2b8 key = [org.springframework.boot.autoconfigure.cache.CacheAutoConfiguration, org.springframework.boot.autoconfigure.context.MessageSourceAutoConfiguration, org.springframework.boot.autoconfigure.data.web.SpringDataWebAutoConfiguration, org.springframework.boot.autoconfigure.freemarker.FreeMarkerAutoConfiguration, org.springframework.boot.autoconfigure.groovy.template.GroovyTemplateAutoConfiguration, org.springframework.boot.autoconfigure.gson.GsonAutoConfiguration, org.springframework.boot.autoconfigure.hateoas.HypermediaAutoConfiguration, org.springframework.boot.autoconfigure.http.HttpMessageConvertersAutoConfiguration, org.springframework.boot.autoconfigure.jackson.JacksonAutoConfiguration, org.springframework.boot.autoconfigure.jsonb.JsonbAutoConfiguration, org.springframework.boot.autoconfigure.mustache.MustacheAutoConfiguration, org.springframework.boot.autoconfigure.task.TaskExecutionAutoConfiguration, org.springframework.boot.autoconfigure.thymeleaf.ThymeleafAutoConfiguration, org.springframework.boot.autoconfigure.validation.ValidationAutoConfiguration, org.springframework.boot.autoconfigure.web.servlet.error.ErrorMvcAutoConfiguration, org.springframework.boot.autoconfigure.web.servlet.WebMvcAutoConfiguration, org.springframework.boot.test.autoconfigure.web.servlet.MockMvcAutoConfiguration, org.springframework.boot.test.autoconfigure.web.servlet.MockMvcSecurityAutoConfiguration, org.springframework.boot.test.autoconfigure.web.servlet.MockMvcWebClientAutoConfiguration, org.springframework.boot.test.autoconfigure.web.servlet.MockMvcWebDriverAutoConfiguration]], org.springframework.boot.test.context.filter.ExcludeFilterContextCustomizer@6e1adf58, org.springframework.boot.test.json.DuplicateJsonObjectContextCustomizerFactory$DuplicateJsonObjectContextCustomizer@2d1123ab, org.springframework.boot.test.mock.mockito.MockitoContextCustomizer@0], resourceBasePath = 'src/main/webapp', contextLoader = 'org.springframework.boot.test.context.SpringBootContextLoader', parent = [null]], attributes = map[[empty]]]].
23:16:52.772 [Test worker] DEBUG org.springframework.test.context.support.TestPropertySourceUtils - Adding inlined properties to environment: {spring.jmx.enabled=false, org.springframework.boot.test.autoconfigure.web.servlet.WebMvcTestContextBootstrapper=true, server.port=-1}

  .   ____          _            __ _ _
 /\\ / ___'_ __ _ _(_)_ __  __ _ \ \ \ \
( ( )\___ | '_ | '_| | '_ \/ _` | \ \ \ \
 \\/  ___)| |_)| | | | | || (_| |  ) ) ) )
  '  |____| .__|_| |_|_| |_\__, | / / / /
 =========|_|==============|___/=/_/_/_/
 :: Spring Boot ::        (v2.1.9.RELEASE)

2021-04-07 23:16:53.214  INFO 12504 --- [    Test worker] c.j.b.s.web.HelloControllerTest          : Starting HelloControllerTest on DESKTOP-NM8ES6P with PID 12504 (started by gusdl in C:\Users\gusdl\IdeaProjects\freelec-springboot-webservice)
2021-04-07 23:16:53.215  INFO 12504 --- [    Test worker] c.j.b.s.web.HelloControllerTest          : The following profiles are active: oauth
2021-04-07 23:16:55.090  INFO 12504 --- [    Test worker] o.s.s.concurrent.ThreadPoolTaskExecutor  : Initializing ExecutorService 'applicationTaskExecutor'
2021-04-07 23:16:55.222  INFO 12504 --- [    Test worker] o.s.b.a.w.s.WelcomePageHandlerMapping    : Adding welcome page template: index
2021-04-07 23:16:55.764  INFO 12504 --- [    Test worker] .s.s.UserDetailsServiceAutoConfiguration : 

Using generated security password: 48166960-48d7-44ad-a15f-5178e2607158

2021-04-07 23:16:56.121  INFO 12504 --- [    Test worker] o.s.s.web.DefaultSecurityFilterChain     : Creating filter chain: any request, [org.springframework.security.web.context.request.async.WebAsyncManagerIntegrationFilter@2aeae990, org.springframework.security.web.context.SecurityContextPersistenceFilter@4637ddc0, org.springframework.security.web.header.HeaderWriterFilter@1c1eb538, org.springframework.security.web.csrf.CsrfFilter@4f9ab5a2, org.springframework.security.web.authentication.logout.LogoutFilter@212a6baf, org.springframework.security.web.authentication.UsernamePasswordAuthenticationFilter@3b2446a2, org.springframework.security.web.authentication.ui.DefaultLoginPageGeneratingFilter@1ffddff3, org.springframework.security.web.authentication.ui.DefaultLogoutPageGeneratingFilter@56658a95, org.springframework.security.web.authentication.www.BasicAuthenticationFilter@1bdbe234, org.springframework.security.web.savedrequest.RequestCacheAwareFilter@5cc6b100, org.springframework.security.web.servletapi.SecurityContextHolderAwareRequestFilter@604a1e11, org.springframework.security.web.authentication.AnonymousAuthenticationFilter@723c6b97, org.springframework.security.web.session.SessionManagementFilter@71d930d9, org.springframework.security.web.access.ExceptionTranslationFilter@752e6008, org.springframework.security.web.access.intercept.FilterSecurityInterceptor@1ac31036]
2021-04-07 23:16:56.223  INFO 12504 --- [    Test worker] o.s.b.t.m.w.SpringBootMockServletContext : Initializing Spring TestDispatcherServlet ''
2021-04-07 23:16:56.223  INFO 12504 --- [    Test worker] o.s.t.web.servlet.TestDispatcherServlet  : Initializing Servlet ''
2021-04-07 23:16:56.255  INFO 12504 --- [    Test worker] o.s.t.web.servlet.TestDispatcherServlet  : Completed initialization in 32 ms
2021-04-07 23:16:56.326  INFO 12504 --- [    Test worker] c.j.b.s.web.HelloControllerTest          : Started HelloControllerTest in 3.545 seconds (JVM running for 5.413)
]]></system-out>
  <system-err><![CDATA[]]></system-err>
</testsuite>
