<?xml version="1.0" encoding="UTF-8"?>
<testsuite name="com.jujuidu.book.springboot.web.PostsApiControllerTest" tests="2" skipped="0" failures="0" errors="0" timestamp="2021-04-08T13:21:16" hostname="DESKTOP-NM8ES6P" time="0.131">
  <properties/>
  <testcase name="Posts_등록된다" classname="com.jujuidu.book.springboot.web.PostsApiControllerTest" time="0.101"/>
  <testcase name="Posts_수정된다" classname="com.jujuidu.book.springboot.web.PostsApiControllerTest" time="0.029"/>
  <system-out><![CDATA[2021-04-08 22:21:16.332  INFO 17244 --- [    Test worker] .b.t.c.SpringBootTestContextBootstrapper : Neither @ContextConfiguration nor @ContextHierarchy found for test class [com.jujuidu.book.springboot.web.PostsApiControllerTest], using SpringBootContextLoader
2021-04-08 22:21:16.335  INFO 17244 --- [    Test worker] o.s.t.c.support.AbstractContextLoader    : Could not detect default resource locations for test class [com.jujuidu.book.springboot.web.PostsApiControllerTest]: no resource found for suffixes {-context.xml, Context.groovy}.
2021-04-08 22:21:16.335  INFO 17244 --- [    Test worker] t.c.s.AnnotationConfigContextLoaderUtils : Could not detect default configuration classes for test class [com.jujuidu.book.springboot.web.PostsApiControllerTest]: PostsApiControllerTest does not declare any static, non-private, non-final, nested classes annotated with @Configuration.
2021-04-08 22:21:16.337  INFO 17244 --- [    Test worker] .b.t.c.SpringBootTestContextBootstrapper : Found @SpringBootConfiguration com.jujuidu.book.springboot.Application for test class com.jujuidu.book.springboot.web.PostsApiControllerTest
2021-04-08 22:21:16.339  INFO 17244 --- [    Test worker] .b.t.c.SpringBootTestContextBootstrapper : Loaded default TestExecutionListener class names from location [META-INF/spring.factories]: [org.springframework.security.test.context.support.WithSecurityContextTestExecutionListener, org.springframework.security.test.context.support.ReactorContextTestExecutionListener, org.springframework.boot.test.autoconfigure.restdocs.RestDocsTestExecutionListener, org.springframework.boot.test.autoconfigure.web.client.MockRestServiceServerResetTestExecutionListener, org.springframework.boot.test.autoconfigure.web.servlet.MockMvcPrintOnlyOnFailureTestExecutionListener, org.springframework.boot.test.autoconfigure.web.servlet.WebDriverTestExecutionListener, org.springframework.boot.test.mock.mockito.MockitoTestExecutionListener, org.springframework.boot.test.mock.mockito.ResetMocksTestExecutionListener, org.springframework.test.context.web.ServletTestExecutionListener, org.springframework.test.context.support.DirtiesContextBeforeModesTestExecutionListener, org.springframework.test.context.support.DependencyInjectionTestExecutionListener, org.springframework.test.context.support.DirtiesContextTestExecutionListener, org.springframework.test.context.transaction.TransactionalTestExecutionListener, org.springframework.test.context.jdbc.SqlScriptsTestExecutionListener]
2021-04-08 22:21:16.341  INFO 17244 --- [    Test worker] .b.t.c.SpringBootTestContextBootstrapper : Using TestExecutionListeners: [org.springframework.test.context.web.ServletTestExecutionListener@3623e710, org.springframework.test.context.support.DirtiesContextBeforeModesTestExecutionListener@77c9f521, org.springframework.boot.test.mock.mockito.MockitoTestExecutionListener@62a686f5, org.springframework.boot.test.autoconfigure.SpringBootDependencyInjectionTestExecutionListener@3ebc5a66, org.springframework.test.context.support.DirtiesContextTestExecutionListener@170e21c6, org.springframework.test.context.transaction.TransactionalTestExecutionListener@2fd6aefb, org.springframework.test.context.jdbc.SqlScriptsTestExecutionListener@799114da, org.springframework.security.test.context.support.WithSecurityContextTestExecutionListener@25220ee4, org.springframework.security.test.context.support.ReactorContextTestExecutionListener@43c41b97, org.springframework.boot.test.autoconfigure.restdocs.RestDocsTestExecutionListener@59ffd462, org.springframework.boot.test.autoconfigure.web.client.MockRestServiceServerResetTestExecutionListener@28b92c43, org.springframework.boot.test.autoconfigure.web.servlet.MockMvcPrintOnlyOnFailureTestExecutionListener@1dd9529e, org.springframework.boot.test.autoconfigure.web.servlet.WebDriverTestExecutionListener@7e22ea11, org.springframework.boot.test.mock.mockito.ResetMocksTestExecutionListener@59d96d73]
2021-04-08 22:21:16.355  INFO 17244 --- [    Test worker] o.a.c.c.C.[Tomcat].[localhost].[/]       : Initializing Spring TestDispatcherServlet ''
2021-04-08 22:21:16.355  INFO 17244 --- [    Test worker] o.s.t.web.servlet.TestDispatcherServlet  : Initializing Servlet ''
2021-04-08 22:21:16.358  INFO 17244 --- [    Test worker] o.s.t.web.servlet.TestDispatcherServlet  : Completed initialization in 3 ms
Hibernate: insert into posts (id, create_date, modified_date, author, content, title) values (null, ?, ?, ?, ?, ?)
Hibernate: select posts0_.id as id1_0_, posts0_.create_date as create_d2_0_, posts0_.modified_date as modified3_0_, posts0_.author as author4_0_, posts0_.content as content5_0_, posts0_.title as title6_0_ from posts posts0_
Hibernate: select posts0_.id as id1_0_, posts0_.create_date as create_d2_0_, posts0_.modified_date as modified3_0_, posts0_.author as author4_0_, posts0_.content as content5_0_, posts0_.title as title6_0_ from posts posts0_
Hibernate: delete from posts where id=?
2021-04-08 22:21:16.448  INFO 17244 --- [    Test worker] o.a.c.c.C.[Tomcat].[localhost].[/]       : Initializing Spring TestDispatcherServlet ''
2021-04-08 22:21:16.448  INFO 17244 --- [    Test worker] o.s.t.web.servlet.TestDispatcherServlet  : Initializing Servlet ''
2021-04-08 22:21:16.450  INFO 17244 --- [    Test worker] o.s.t.web.servlet.TestDispatcherServlet  : Completed initialization in 2 ms
Hibernate: insert into posts (id, create_date, modified_date, author, content, title) values (null, ?, ?, ?, ?, ?)
Hibernate: select posts0_.id as id1_0_0_, posts0_.create_date as create_d2_0_0_, posts0_.modified_date as modified3_0_0_, posts0_.author as author4_0_0_, posts0_.content as content5_0_0_, posts0_.title as title6_0_0_ from posts posts0_ where posts0_.id=?
Hibernate: update posts set create_date=?, modified_date=?, author=?, content=?, title=? where id=?
Hibernate: select posts0_.id as id1_0_, posts0_.create_date as create_d2_0_, posts0_.modified_date as modified3_0_, posts0_.author as author4_0_, posts0_.content as content5_0_, posts0_.title as title6_0_ from posts posts0_
Hibernate: select posts0_.id as id1_0_, posts0_.create_date as create_d2_0_, posts0_.modified_date as modified3_0_, posts0_.author as author4_0_, posts0_.content as content5_0_, posts0_.title as title6_0_ from posts posts0_
Hibernate: delete from posts where id=?
]]></system-out>
  <system-err><![CDATA[]]></system-err>
</testsuite>
