<?xml version="1.0" encoding="UTF-8"?>
<testsuite name="com.jujuidu.book.springboot.web.IndexControllerTest" tests="1" skipped="0" failures="0" errors="0" timestamp="2021-04-08T13:21:16" hostname="DESKTOP-NM8ES6P" time="0.19">
  <properties/>
  <testcase name="메인페이지_로딩" classname="com.jujuidu.book.springboot.web.IndexControllerTest" time="0.19"/>
  <system-out><![CDATA[2021-04-08 22:21:12.997  INFO 17244 --- [    Test worker] .b.t.c.SpringBootTestContextBootstrapper : Neither @ContextConfiguration nor @ContextHierarchy found for test class [com.jujuidu.book.springboot.web.IndexControllerTest], using SpringBootContextLoader
2021-04-08 22:21:12.998  INFO 17244 --- [    Test worker] o.s.t.c.support.AbstractContextLoader    : Could not detect default resource locations for test class [com.jujuidu.book.springboot.web.IndexControllerTest]: no resource found for suffixes {-context.xml, Context.groovy}.
2021-04-08 22:21:12.998  INFO 17244 --- [    Test worker] t.c.s.AnnotationConfigContextLoaderUtils : Could not detect default configuration classes for test class [com.jujuidu.book.springboot.web.IndexControllerTest]: IndexControllerTest does not declare any static, non-private, non-final, nested classes annotated with @Configuration.
2021-04-08 22:21:13.001  INFO 17244 --- [    Test worker] .b.t.c.SpringBootTestContextBootstrapper : Found @SpringBootConfiguration com.jujuidu.book.springboot.Application for test class com.jujuidu.book.springboot.web.IndexControllerTest
2021-04-08 22:21:13.003  INFO 17244 --- [    Test worker] .b.t.c.SpringBootTestContextBootstrapper : Loaded default TestExecutionListener class names from location [META-INF/spring.factories]: [org.springframework.security.test.context.support.WithSecurityContextTestExecutionListener, org.springframework.security.test.context.support.ReactorContextTestExecutionListener, org.springframework.boot.test.autoconfigure.restdocs.RestDocsTestExecutionListener, org.springframework.boot.test.autoconfigure.web.client.MockRestServiceServerResetTestExecutionListener, org.springframework.boot.test.autoconfigure.web.servlet.MockMvcPrintOnlyOnFailureTestExecutionListener, org.springframework.boot.test.autoconfigure.web.servlet.WebDriverTestExecutionListener, org.springframework.boot.test.mock.mockito.MockitoTestExecutionListener, org.springframework.boot.test.mock.mockito.ResetMocksTestExecutionListener, org.springframework.test.context.web.ServletTestExecutionListener, org.springframework.test.context.support.DirtiesContextBeforeModesTestExecutionListener, org.springframework.test.context.support.DependencyInjectionTestExecutionListener, org.springframework.test.context.support.DirtiesContextTestExecutionListener, org.springframework.test.context.transaction.TransactionalTestExecutionListener, org.springframework.test.context.jdbc.SqlScriptsTestExecutionListener]
2021-04-08 22:21:13.004  INFO 17244 --- [    Test worker] .b.t.c.SpringBootTestContextBootstrapper : Using TestExecutionListeners: [org.springframework.test.context.web.ServletTestExecutionListener@6b132c17, org.springframework.test.context.support.DirtiesContextBeforeModesTestExecutionListener@4e2c283f, org.springframework.boot.test.mock.mockito.MockitoTestExecutionListener@1b95b3a3, org.springframework.boot.test.autoconfigure.SpringBootDependencyInjectionTestExecutionListener@7aa079ec, org.springframework.test.context.support.DirtiesContextTestExecutionListener@8a1813b, org.springframework.test.context.transaction.TransactionalTestExecutionListener@27632dc0, org.springframework.test.context.jdbc.SqlScriptsTestExecutionListener@11dd8a24, org.springframework.security.test.context.support.WithSecurityContextTestExecutionListener@684beeea, org.springframework.security.test.context.support.ReactorContextTestExecutionListener@6c671281, org.springframework.boot.test.autoconfigure.restdocs.RestDocsTestExecutionListener@52542fe0, org.springframework.boot.test.autoconfigure.web.client.MockRestServiceServerResetTestExecutionListener@2fa51324, org.springframework.boot.test.autoconfigure.web.servlet.MockMvcPrintOnlyOnFailureTestExecutionListener@18ae8484, org.springframework.boot.test.autoconfigure.web.servlet.WebDriverTestExecutionListener@4c897e0a, org.springframework.boot.test.mock.mockito.ResetMocksTestExecutionListener@3fd17354]

  .   ____          _            __ _ _
 /\\ / ___'_ __ _ _(_)_ __  __ _ \ \ \ \
( ( )\___ | '_ | '_| | '_ \/ _` | \ \ \ \
 \\/  ___)| |_)| | | | | || (_| |  ) ) ) )
  '  |____| .__|_| |_|_| |_\__, | / / / /
 =========|_|==============|___/=/_/_/_/
 :: Spring Boot ::        (v2.1.9.RELEASE)

2021-04-08 22:21:13.072  INFO 17244 --- [    Test worker] c.j.b.s.web.IndexControllerTest          : Starting IndexControllerTest on DESKTOP-NM8ES6P with PID 17244 (started by gusdl in C:\Users\gusdl\IdeaProjects\freelec-springboot-webservice)
2021-04-08 22:21:13.072  INFO 17244 --- [    Test worker] c.j.b.s.web.IndexControllerTest          : The following profiles are active: oauth
2021-04-08 22:21:13.406  INFO 17244 --- [    Test worker] .s.d.r.c.RepositoryConfigurationDelegate : Bootstrapping Spring Data repositories in DEFAULT mode.
2021-04-08 22:21:13.447  INFO 17244 --- [    Test worker] .s.d.r.c.RepositoryConfigurationDelegate : Finished Spring Data repository scanning in 41ms. Found 2 repository interfaces.
2021-04-08 22:21:13.595  INFO 17244 --- [    Test worker] trationDelegate$BeanPostProcessorChecker : Bean 'org.springframework.transaction.annotation.ProxyTransactionManagementConfiguration' of type [org.springframework.transaction.annotation.ProxyTransactionManagementConfiguration$$EnhancerBySpringCGLIB$$38281572] is not eligible for getting processed by all BeanPostProcessors (for example: not eligible for auto-proxying)
2021-04-08 22:21:14.006  INFO 17244 --- [    Test worker] o.s.b.w.embedded.tomcat.TomcatWebServer  : Tomcat initialized with port(s): 0 (http)
2021-04-08 22:21:14.050  INFO 17244 --- [    Test worker] o.apache.catalina.core.StandardService   : Starting service [Tomcat]
2021-04-08 22:21:14.050  INFO 17244 --- [    Test worker] org.apache.catalina.core.StandardEngine  : Starting Servlet engine: [Apache Tomcat/9.0.26]
2021-04-08 22:21:14.307  INFO 17244 --- [    Test worker] o.a.c.c.C.[Tomcat].[localhost].[/]       : Initializing Spring embedded WebApplicationContext
2021-04-08 22:21:14.307  INFO 17244 --- [    Test worker] o.s.web.context.ContextLoader            : Root WebApplicationContext: initialization completed in 1232 ms
2021-04-08 22:21:14.602  INFO 17244 --- [    Test worker] com.zaxxer.hikari.HikariDataSource       : HikariPool-2 - Starting...
2021-04-08 22:21:14.603  INFO 17244 --- [    Test worker] com.zaxxer.hikari.HikariDataSource       : HikariPool-2 - Start completed.
2021-04-08 22:21:14.683  INFO 17244 --- [    Test worker] o.hibernate.jpa.internal.util.LogHelper  : HHH000204: Processing PersistenceUnitInfo [
	name: default
	...]
2021-04-08 22:21:14.698  INFO 17244 --- [    Test worker] org.hibernate.dialect.Dialect            : HHH000400: Using dialect: org.hibernate.dialect.H2Dialect
Hibernate: drop table posts if exists
Hibernate: drop table user if exists
Hibernate: create table posts (id bigint generated by default as identity, create_date timestamp, modified_date timestamp, author varchar(255), content TEXT not null, title varchar(500) not null, primary key (id))
Hibernate: create table user (id bigint generated by default as identity, create_date timestamp, modified_date timestamp, email varchar(255) not null, name varchar(255) not null, picture varchar(255), role varchar(255) not null, primary key (id))
2021-04-08 22:21:14.775  INFO 17244 --- [    Test worker] o.h.t.schema.internal.SchemaCreatorImpl  : HHH000476: Executing import script 'org.hibernate.tool.schema.internal.exec.ScriptSourceInputNonExistentImpl@591cb920'
2021-04-08 22:21:14.776  INFO 17244 --- [    Test worker] j.LocalContainerEntityManagerFactoryBean : Initialized JPA EntityManagerFactory for persistence unit 'default'
2021-04-08 22:21:15.230  INFO 17244 --- [    Test worker] o.h.h.i.QueryTranslatorFactoryInitiator  : HHH000397: Using ASTQueryTranslatorFactory
2021-04-08 22:21:15.465  INFO 17244 --- [    Test worker] o.s.s.web.DefaultSecurityFilterChain     : Creating filter chain: any request, [org.springframework.security.web.context.request.async.WebAsyncManagerIntegrationFilter@7143aff9, org.springframework.security.web.context.SecurityContextPersistenceFilter@2d07d880, org.springframework.security.web.header.HeaderWriterFilter@2995e351, org.springframework.security.web.authentication.logout.LogoutFilter@44347f14, org.springframework.security.oauth2.client.web.OAuth2AuthorizationRequestRedirectFilter@33621c10, org.springframework.security.oauth2.client.web.OAuth2LoginAuthenticationFilter@1895dd48, org.springframework.security.web.authentication.ui.DefaultLoginPageGeneratingFilter@57647ea0, org.springframework.security.web.authentication.ui.DefaultLogoutPageGeneratingFilter@579ef3e3, org.springframework.security.web.savedrequest.RequestCacheAwareFilter@1603520a, org.springframework.security.web.servletapi.SecurityContextHolderAwareRequestFilter@100aa4f0, org.springframework.security.web.authentication.AnonymousAuthenticationFilter@74bff79c, org.springframework.security.web.session.SessionManagementFilter@44207120, org.springframework.security.web.access.ExceptionTranslationFilter@64bbf08a, org.springframework.security.web.access.intercept.FilterSecurityInterceptor@39f3f11b]
2021-04-08 22:21:15.697  INFO 17244 --- [    Test worker] o.s.s.concurrent.ThreadPoolTaskExecutor  : Initializing ExecutorService 'applicationTaskExecutor'
2021-04-08 22:21:15.713  WARN 17244 --- [    Test worker] aWebConfiguration$JpaWebMvcConfiguration : spring.jpa.open-in-view is enabled by default. Therefore, database queries may be performed during view rendering. Explicitly configure spring.jpa.open-in-view to disable this warning
2021-04-08 22:21:15.746  INFO 17244 --- [    Test worker] o.s.b.a.w.s.WelcomePageHandlerMapping    : Adding welcome page template: index
2021-04-08 22:21:16.112  INFO 17244 --- [    Test worker] s.a.ScheduledAnnotationBeanPostProcessor : No TaskScheduler/ScheduledExecutorService bean found for scheduled processing
2021-04-08 22:21:16.132  INFO 17244 --- [    Test worker] o.s.b.w.embedded.tomcat.TomcatWebServer  : Tomcat started on port(s): 56633 (http) with context path ''
2021-04-08 22:21:16.133  INFO 17244 --- [    Test worker] c.j.b.s.web.IndexControllerTest          : Started IndexControllerTest in 3.128 seconds (JVM running for 15.216)
2021-04-08 22:21:16.224  INFO 17244 --- [o-auto-1-exec-1] o.a.c.c.C.[Tomcat].[localhost].[/]       : Initializing Spring DispatcherServlet 'dispatcherServlet'
2021-04-08 22:21:16.224  INFO 17244 --- [o-auto-1-exec-1] o.s.web.servlet.DispatcherServlet        : Initializing Servlet 'dispatcherServlet'
2021-04-08 22:21:16.251  INFO 17244 --- [o-auto-1-exec-1] o.s.web.servlet.DispatcherServlet        : Completed initialization in 27 ms
Hibernate: select posts0_.id as id1_0_, posts0_.create_date as create_d2_0_, posts0_.modified_date as modified3_0_, posts0_.author as author4_0_, posts0_.content as content5_0_, posts0_.title as title6_0_ from posts posts0_ order by posts0_.id DESC
]]></system-out>
  <system-err><![CDATA[]]></system-err>
</testsuite>
