<?xml version="1.0" encoding="UTF-8"?>
<testsuite name="com.jujuidu.book.springboot.web.PostsApiControllerTest" tests="2" skipped="0" failures="0" errors="0" timestamp="2021-04-11T07:33:48" hostname="DESKTOP-NM8ES6P" time="0.122">
  <properties/>
  <testcase name="Posts_등록된다" classname="com.jujuidu.book.springboot.web.PostsApiControllerTest" time="0.088"/>
  <testcase name="Posts_수정된다" classname="com.jujuidu.book.springboot.web.PostsApiControllerTest" time="0.033"/>
  <system-out><![CDATA[2021-04-11 16:33:48.620  INFO 17592 --- [    Test worker] .b.t.c.SpringBootTestContextBootstrapper : Neither @ContextConfiguration nor @ContextHierarchy found for test class [com.jujuidu.book.springboot.web.PostsApiControllerTest], using SpringBootContextLoader
2021-04-11 16:33:48.621  INFO 17592 --- [    Test worker] o.s.t.c.support.AbstractContextLoader    : Could not detect default resource locations for test class [com.jujuidu.book.springboot.web.PostsApiControllerTest]: no resource found for suffixes {-context.xml, Context.groovy}.
2021-04-11 16:33:48.622  INFO 17592 --- [    Test worker] t.c.s.AnnotationConfigContextLoaderUtils : Could not detect default configuration classes for test class [com.jujuidu.book.springboot.web.PostsApiControllerTest]: PostsApiControllerTest does not declare any static, non-private, non-final, nested classes annotated with @Configuration.
2021-04-11 16:33:48.624  INFO 17592 --- [    Test worker] .b.t.c.SpringBootTestContextBootstrapper : Found @SpringBootConfiguration com.jujuidu.book.springboot.Application for test class com.jujuidu.book.springboot.web.PostsApiControllerTest
2021-04-11 16:33:48.627  INFO 17592 --- [    Test worker] .b.t.c.SpringBootTestContextBootstrapper : Loaded default TestExecutionListener class names from location [META-INF/spring.factories]: [org.springframework.security.test.context.support.WithSecurityContextTestExecutionListener, org.springframework.security.test.context.support.ReactorContextTestExecutionListener, org.springframework.boot.test.autoconfigure.restdocs.RestDocsTestExecutionListener, org.springframework.boot.test.autoconfigure.web.client.MockRestServiceServerResetTestExecutionListener, org.springframework.boot.test.autoconfigure.web.servlet.MockMvcPrintOnlyOnFailureTestExecutionListener, org.springframework.boot.test.autoconfigure.web.servlet.WebDriverTestExecutionListener, org.springframework.boot.test.mock.mockito.MockitoTestExecutionListener, org.springframework.boot.test.mock.mockito.ResetMocksTestExecutionListener, org.springframework.test.context.web.ServletTestExecutionListener, org.springframework.test.context.support.DirtiesContextBeforeModesTestExecutionListener, org.springframework.test.context.support.DependencyInjectionTestExecutionListener, org.springframework.test.context.support.DirtiesContextTestExecutionListener, org.springframework.test.context.transaction.TransactionalTestExecutionListener, org.springframework.test.context.jdbc.SqlScriptsTestExecutionListener]
2021-04-11 16:33:48.628  INFO 17592 --- [    Test worker] .b.t.c.SpringBootTestContextBootstrapper : Using TestExecutionListeners: [org.springframework.test.context.web.ServletTestExecutionListener@59ffd462, org.springframework.test.context.support.DirtiesContextBeforeModesTestExecutionListener@28b92c43, org.springframework.boot.test.mock.mockito.MockitoTestExecutionListener@1dd9529e, org.springframework.boot.test.autoconfigure.SpringBootDependencyInjectionTestExecutionListener@7e22ea11, org.springframework.test.context.support.DirtiesContextTestExecutionListener@59d96d73, org.springframework.test.context.transaction.TransactionalTestExecutionListener@38e3893f, org.springframework.test.context.jdbc.SqlScriptsTestExecutionListener@6f79711f, org.springframework.security.test.context.support.WithSecurityContextTestExecutionListener@6e26c83, org.springframework.security.test.context.support.ReactorContextTestExecutionListener@14c23bd9, org.springframework.boot.test.autoconfigure.restdocs.RestDocsTestExecutionListener@30cce20f, org.springframework.boot.test.autoconfigure.web.client.MockRestServiceServerResetTestExecutionListener@14998c80, org.springframework.boot.test.autoconfigure.web.servlet.MockMvcPrintOnlyOnFailureTestExecutionListener@18a7ce4, org.springframework.boot.test.autoconfigure.web.servlet.WebDriverTestExecutionListener@49383ff, org.springframework.boot.test.mock.mockito.ResetMocksTestExecutionListener@5398d5f8]
2021-04-11 16:33:48.641  INFO 17592 --- [    Test worker] o.a.c.c.C.[Tomcat].[localhost].[/]       : Initializing Spring TestDispatcherServlet ''
2021-04-11 16:33:48.642  INFO 17592 --- [    Test worker] o.s.t.web.servlet.TestDispatcherServlet  : Initializing Servlet ''
2021-04-11 16:33:48.645  INFO 17592 --- [    Test worker] o.s.t.web.servlet.TestDispatcherServlet  : Completed initialization in 3 ms
Hibernate: insert into posts (id, create_date, modified_date, author, content, title) values (null, ?, ?, ?, ?, ?)
Hibernate: select posts0_.id as id1_0_, posts0_.create_date as create_d2_0_, posts0_.modified_date as modified3_0_, posts0_.author as author4_0_, posts0_.content as content5_0_, posts0_.title as title6_0_ from posts posts0_
Hibernate: select posts0_.id as id1_0_, posts0_.create_date as create_d2_0_, posts0_.modified_date as modified3_0_, posts0_.author as author4_0_, posts0_.content as content5_0_, posts0_.title as title6_0_ from posts posts0_
Hibernate: delete from posts where id=?
2021-04-11 16:33:48.726  INFO 17592 --- [    Test worker] o.a.c.c.C.[Tomcat].[localhost].[/]       : Initializing Spring TestDispatcherServlet ''
2021-04-11 16:33:48.726  INFO 17592 --- [    Test worker] o.s.t.web.servlet.TestDispatcherServlet  : Initializing Servlet ''
2021-04-11 16:33:48.729  INFO 17592 --- [    Test worker] o.s.t.web.servlet.TestDispatcherServlet  : Completed initialization in 3 ms
Hibernate: insert into posts (id, create_date, modified_date, author, content, title) values (null, ?, ?, ?, ?, ?)
Hibernate: select posts0_.id as id1_0_0_, posts0_.create_date as create_d2_0_0_, posts0_.modified_date as modified3_0_0_, posts0_.author as author4_0_0_, posts0_.content as content5_0_0_, posts0_.title as title6_0_0_ from posts posts0_ where posts0_.id=?
Hibernate: update posts set create_date=?, modified_date=?, author=?, content=?, title=? where id=?
Hibernate: select posts0_.id as id1_0_, posts0_.create_date as create_d2_0_, posts0_.modified_date as modified3_0_, posts0_.author as author4_0_, posts0_.content as content5_0_, posts0_.title as title6_0_ from posts posts0_
Hibernate: select posts0_.id as id1_0_, posts0_.create_date as create_d2_0_, posts0_.modified_date as modified3_0_, posts0_.author as author4_0_, posts0_.content as content5_0_, posts0_.title as title6_0_ from posts posts0_
Hibernate: delete from posts where id=?
]]></system-out>
  <system-err><![CDATA[]]></system-err>
</testsuite>
