<?xml version="1.0" encoding="UTF-8"?>
<testsuite name="com.jujuidu.book.springboot.web.HelloControllerTest" tests="2" skipped="0" failures="0" errors="0" timestamp="2021-04-08T13:21:12" hostname="DESKTOP-NM8ES6P" time="0.21">
  <properties/>
  <testcase name="hello가_리턴된다" classname="com.jujuidu.book.springboot.web.HelloControllerTest" time="0.106"/>
  <testcase name="helloDto가_리턴된다" classname="com.jujuidu.book.springboot.web.HelloControllerTest" time="0.104"/>
  <system-out><![CDATA[2021-04-08 22:21:11.156  INFO 17244 --- [    Test worker] .b.t.a.w.s.WebMvcTestContextBootstrapper : Neither @ContextConfiguration nor @ContextHierarchy found for test class [com.jujuidu.book.springboot.web.HelloControllerTest], using SpringBootContextLoader
2021-04-08 22:21:11.158  INFO 17244 --- [    Test worker] o.s.t.c.support.AbstractContextLoader    : Could not detect default resource locations for test class [com.jujuidu.book.springboot.web.HelloControllerTest]: no resource found for suffixes {-context.xml, Context.groovy}.
2021-04-08 22:21:11.158  INFO 17244 --- [    Test worker] t.c.s.AnnotationConfigContextLoaderUtils : Could not detect default configuration classes for test class [com.jujuidu.book.springboot.web.HelloControllerTest]: HelloControllerTest does not declare any static, non-private, non-final, nested classes annotated with @Configuration.
2021-04-08 22:21:11.194  INFO 17244 --- [    Test worker] .b.t.c.SpringBootTestContextBootstrapper : Found @SpringBootConfiguration com.jujuidu.book.springboot.Application for test class com.jujuidu.book.springboot.web.HelloControllerTest
2021-04-08 22:21:11.195  INFO 17244 --- [    Test worker] .b.t.a.w.s.WebMvcTestContextBootstrapper : Loaded default TestExecutionListener class names from location [META-INF/spring.factories]: [org.springframework.security.test.context.support.WithSecurityContextTestExecutionListener, org.springframework.security.test.context.support.ReactorContextTestExecutionListener, org.springframework.boot.test.autoconfigure.restdocs.RestDocsTestExecutionListener, org.springframework.boot.test.autoconfigure.web.client.MockRestServiceServerResetTestExecutionListener, org.springframework.boot.test.autoconfigure.web.servlet.MockMvcPrintOnlyOnFailureTestExecutionListener, org.springframework.boot.test.autoconfigure.web.servlet.WebDriverTestExecutionListener, org.springframework.boot.test.mock.mockito.MockitoTestExecutionListener, org.springframework.boot.test.mock.mockito.ResetMocksTestExecutionListener, org.springframework.test.context.web.ServletTestExecutionListener, org.springframework.test.context.support.DirtiesContextBeforeModesTestExecutionListener, org.springframework.test.context.support.DependencyInjectionTestExecutionListener, org.springframework.test.context.support.DirtiesContextTestExecutionListener, org.springframework.test.context.transaction.TransactionalTestExecutionListener, org.springframework.test.context.jdbc.SqlScriptsTestExecutionListener]
2021-04-08 22:21:11.198  INFO 17244 --- [    Test worker] .b.t.a.w.s.WebMvcTestContextBootstrapper : Using TestExecutionListeners: [org.springframework.test.context.web.ServletTestExecutionListener@45571eff, org.springframework.test.context.support.DirtiesContextBeforeModesTestExecutionListener@180ad40f, org.springframework.boot.test.mock.mockito.MockitoTestExecutionListener@1db173ca, org.springframework.boot.test.autoconfigure.SpringBootDependencyInjectionTestExecutionListener@103d8777, org.springframework.test.context.support.DirtiesContextTestExecutionListener@6de0c369, org.springframework.test.context.transaction.TransactionalTestExecutionListener@2304c876, org.springframework.test.context.jdbc.SqlScriptsTestExecutionListener@35bdc0ff, org.springframework.security.test.context.support.WithSecurityContextTestExecutionListener@4947ef00, org.springframework.security.test.context.support.ReactorContextTestExecutionListener@22d796ca, org.springframework.boot.test.autoconfigure.restdocs.RestDocsTestExecutionListener@2795ad9e, org.springframework.boot.test.autoconfigure.web.client.MockRestServiceServerResetTestExecutionListener@7c742bab, org.springframework.boot.test.autoconfigure.web.servlet.MockMvcPrintOnlyOnFailureTestExecutionListener@a3df4ca, org.springframework.boot.test.autoconfigure.web.servlet.WebDriverTestExecutionListener@14c25281, org.springframework.boot.test.mock.mockito.ResetMocksTestExecutionListener@1eb1e4da]

  .   ____          _            __ _ _
 /\\ / ___'_ __ _ _(_)_ __  __ _ \ \ \ \
( ( )\___ | '_ | '_| | '_ \/ _` | \ \ \ \
 \\/  ___)| |_)| | | | | || (_| |  ) ) ) )
  '  |____| .__|_| |_|_| |_\__, | / / / /
 =========|_|==============|___/=/_/_/_/
 :: Spring Boot ::        (v2.1.9.RELEASE)

2021-04-08 22:21:11.285  INFO 17244 --- [    Test worker] c.j.b.s.web.HelloControllerTest          : Starting HelloControllerTest on DESKTOP-NM8ES6P with PID 17244 (started by gusdl in C:\Users\gusdl\IdeaProjects\freelec-springboot-webservice)
2021-04-08 22:21:11.285  INFO 17244 --- [    Test worker] c.j.b.s.web.HelloControllerTest          : The following profiles are active: oauth
2021-04-08 22:21:11.986  INFO 17244 --- [    Test worker] o.s.s.concurrent.ThreadPoolTaskExecutor  : Initializing ExecutorService 'applicationTaskExecutor'
2021-04-08 22:21:12.046  INFO 17244 --- [    Test worker] o.s.b.a.w.s.WelcomePageHandlerMapping    : Adding welcome page template: index
2021-04-08 22:21:12.448  INFO 17244 --- [    Test worker] .s.s.UserDetailsServiceAutoConfiguration : 

Using generated security password: 2c560be1-b87b-41f5-b804-f25c93f8cc0d

2021-04-08 22:21:12.666  INFO 17244 --- [    Test worker] o.s.s.web.DefaultSecurityFilterChain     : Creating filter chain: any request, [org.springframework.security.web.context.request.async.WebAsyncManagerIntegrationFilter@77fb9dda, org.springframework.security.web.context.SecurityContextPersistenceFilter@157841a3, org.springframework.security.web.header.HeaderWriterFilter@4c7567c1, org.springframework.security.web.csrf.CsrfFilter@41281dcb, org.springframework.security.web.authentication.logout.LogoutFilter@26c12f49, org.springframework.security.web.authentication.UsernamePasswordAuthenticationFilter@4ef4f5b1, org.springframework.security.web.authentication.ui.DefaultLoginPageGeneratingFilter@77260ea6, org.springframework.security.web.authentication.ui.DefaultLogoutPageGeneratingFilter@6fc22ad9, org.springframework.security.web.authentication.www.BasicAuthenticationFilter@60520d94, org.springframework.security.web.savedrequest.RequestCacheAwareFilter@4a8c8fd9, org.springframework.security.web.servletapi.SecurityContextHolderAwareRequestFilter@2d20a226, org.springframework.security.web.authentication.AnonymousAuthenticationFilter@1f0ca418, org.springframework.security.web.session.SessionManagementFilter@4d32edc1, org.springframework.security.web.access.ExceptionTranslationFilter@6816f7b2, org.springframework.security.web.access.intercept.FilterSecurityInterceptor@5da0e1d]
2021-04-08 22:21:12.717  INFO 17244 --- [    Test worker] o.s.b.t.m.w.SpringBootMockServletContext : Initializing Spring TestDispatcherServlet ''
2021-04-08 22:21:12.718  INFO 17244 --- [    Test worker] o.s.t.web.servlet.TestDispatcherServlet  : Initializing Servlet ''
2021-04-08 22:21:12.736  INFO 17244 --- [    Test worker] o.s.t.web.servlet.TestDispatcherServlet  : Completed initialization in 18 ms
2021-04-08 22:21:12.778  INFO 17244 --- [    Test worker] c.j.b.s.web.HelloControllerTest          : Started HelloControllerTest in 1.575 seconds (JVM running for 11.862)
]]></system-out>
  <system-err><![CDATA[]]></system-err>
</testsuite>
