<?xml version="1.0" encoding="UTF-8"?>
<testsuite name="com.jujuidu.book.springboot.web.HelloControllerTest" tests="2" skipped="0" failures="0" errors="0" timestamp="2021-04-11T07:33:45" hostname="DESKTOP-NM8ES6P" time="0.222">
  <properties/>
  <testcase name="hello가_리턴된다" classname="com.jujuidu.book.springboot.web.HelloControllerTest" time="0.102"/>
  <testcase name="helloDto가_리턴된다" classname="com.jujuidu.book.springboot.web.HelloControllerTest" time="0.12"/>
  <system-out><![CDATA[2021-04-11 16:33:43.411  INFO 17592 --- [    Test worker] .b.t.a.w.s.WebMvcTestContextBootstrapper : Neither @ContextConfiguration nor @ContextHierarchy found for test class [com.jujuidu.book.springboot.web.HelloControllerTest], using SpringBootContextLoader
2021-04-11 16:33:43.413  INFO 17592 --- [    Test worker] o.s.t.c.support.AbstractContextLoader    : Could not detect default resource locations for test class [com.jujuidu.book.springboot.web.HelloControllerTest]: no resource found for suffixes {-context.xml, Context.groovy}.
2021-04-11 16:33:43.413  INFO 17592 --- [    Test worker] t.c.s.AnnotationConfigContextLoaderUtils : Could not detect default configuration classes for test class [com.jujuidu.book.springboot.web.HelloControllerTest]: HelloControllerTest does not declare any static, non-private, non-final, nested classes annotated with @Configuration.
2021-04-11 16:33:43.443  INFO 17592 --- [    Test worker] .b.t.c.SpringBootTestContextBootstrapper : Found @SpringBootConfiguration com.jujuidu.book.springboot.Application for test class com.jujuidu.book.springboot.web.HelloControllerTest
2021-04-11 16:33:43.444  INFO 17592 --- [    Test worker] .b.t.a.w.s.WebMvcTestContextBootstrapper : Loaded default TestExecutionListener class names from location [META-INF/spring.factories]: [org.springframework.security.test.context.support.WithSecurityContextTestExecutionListener, org.springframework.security.test.context.support.ReactorContextTestExecutionListener, org.springframework.boot.test.autoconfigure.restdocs.RestDocsTestExecutionListener, org.springframework.boot.test.autoconfigure.web.client.MockRestServiceServerResetTestExecutionListener, org.springframework.boot.test.autoconfigure.web.servlet.MockMvcPrintOnlyOnFailureTestExecutionListener, org.springframework.boot.test.autoconfigure.web.servlet.WebDriverTestExecutionListener, org.springframework.boot.test.mock.mockito.MockitoTestExecutionListener, org.springframework.boot.test.mock.mockito.ResetMocksTestExecutionListener, org.springframework.test.context.web.ServletTestExecutionListener, org.springframework.test.context.support.DirtiesContextBeforeModesTestExecutionListener, org.springframework.test.context.support.DependencyInjectionTestExecutionListener, org.springframework.test.context.support.DirtiesContextTestExecutionListener, org.springframework.test.context.transaction.TransactionalTestExecutionListener, org.springframework.test.context.jdbc.SqlScriptsTestExecutionListener]
2021-04-11 16:33:43.446  INFO 17592 --- [    Test worker] .b.t.a.w.s.WebMvcTestContextBootstrapper : Using TestExecutionListeners: [org.springframework.test.context.web.ServletTestExecutionListener@4947ef00, org.springframework.test.context.support.DirtiesContextBeforeModesTestExecutionListener@22d796ca, org.springframework.boot.test.mock.mockito.MockitoTestExecutionListener@2795ad9e, org.springframework.boot.test.autoconfigure.SpringBootDependencyInjectionTestExecutionListener@7c742bab, org.springframework.test.context.support.DirtiesContextTestExecutionListener@a3df4ca, org.springframework.test.context.transaction.TransactionalTestExecutionListener@14c25281, org.springframework.test.context.jdbc.SqlScriptsTestExecutionListener@1eb1e4da, org.springframework.security.test.context.support.WithSecurityContextTestExecutionListener@4345bdd4, org.springframework.security.test.context.support.ReactorContextTestExecutionListener@263b9ad2, org.springframework.boot.test.autoconfigure.restdocs.RestDocsTestExecutionListener@20eb92ce, org.springframework.boot.test.autoconfigure.web.client.MockRestServiceServerResetTestExecutionListener@31ed253d, org.springframework.boot.test.autoconfigure.web.servlet.MockMvcPrintOnlyOnFailureTestExecutionListener@5fa895c9, org.springframework.boot.test.autoconfigure.web.servlet.WebDriverTestExecutionListener@25bf69e4, org.springframework.boot.test.mock.mockito.ResetMocksTestExecutionListener@593ef27f]

  .   ____          _            __ _ _
 /\\ / ___'_ __ _ _(_)_ __  __ _ \ \ \ \
( ( )\___ | '_ | '_| | '_ \/ _` | \ \ \ \
 \\/  ___)| |_)| | | | | || (_| |  ) ) ) )
  '  |____| .__|_| |_|_| |_\__, | / / / /
 =========|_|==============|___/=/_/_/_/
 :: Spring Boot ::        (v2.1.9.RELEASE)

2021-04-11 16:33:43.543  INFO 17592 --- [    Test worker] c.j.b.s.web.HelloControllerTest          : Starting HelloControllerTest on DESKTOP-NM8ES6P with PID 17592 (started by gusdl in C:\Users\gusdl\IdeaProjects\freelec-springboot-webservice)
2021-04-11 16:33:43.544  INFO 17592 --- [    Test worker] c.j.b.s.web.HelloControllerTest          : The following profiles are active: oauth
2021-04-11 16:33:44.311  INFO 17592 --- [    Test worker] o.s.s.concurrent.ThreadPoolTaskExecutor  : Initializing ExecutorService 'applicationTaskExecutor'
2021-04-11 16:33:44.400  INFO 17592 --- [    Test worker] o.s.b.a.w.s.WelcomePageHandlerMapping    : Adding welcome page template: index
2021-04-11 16:33:44.768  INFO 17592 --- [    Test worker] .s.s.UserDetailsServiceAutoConfiguration : 

Using generated security password: a6ff8c7b-5f51-4df1-8459-191e032bd58c

2021-04-11 16:33:44.969  INFO 17592 --- [    Test worker] o.s.s.web.DefaultSecurityFilterChain     : Creating filter chain: any request, [org.springframework.security.web.context.request.async.WebAsyncManagerIntegrationFilter@2c6c15c2, org.springframework.security.web.context.SecurityContextPersistenceFilter@61555609, org.springframework.security.web.header.HeaderWriterFilter@e588d36, org.springframework.security.web.csrf.CsrfFilter@2d20a226, org.springframework.security.web.authentication.logout.LogoutFilter@5c1d7f0c, org.springframework.security.web.authentication.UsernamePasswordAuthenticationFilter@6fc22ad9, org.springframework.security.web.authentication.ui.DefaultLoginPageGeneratingFilter@5da0e1d, org.springframework.security.web.authentication.ui.DefaultLogoutPageGeneratingFilter@62e5cae5, org.springframework.security.web.authentication.www.BasicAuthenticationFilter@410444e1, org.springframework.security.web.savedrequest.RequestCacheAwareFilter@6035c767, org.springframework.security.web.servletapi.SecurityContextHolderAwareRequestFilter@2acec76a, org.springframework.security.web.authentication.AnonymousAuthenticationFilter@1a5b914, org.springframework.security.web.session.SessionManagementFilter@26c12f49, org.springframework.security.web.access.ExceptionTranslationFilter@20843cb8, org.springframework.security.web.access.intercept.FilterSecurityInterceptor@77fb9dda]
2021-04-11 16:33:45.023  INFO 17592 --- [    Test worker] o.s.b.t.m.w.SpringBootMockServletContext : Initializing Spring TestDispatcherServlet ''
2021-04-11 16:33:45.023  INFO 17592 --- [    Test worker] o.s.t.web.servlet.TestDispatcherServlet  : Initializing Servlet ''
2021-04-11 16:33:45.041  INFO 17592 --- [    Test worker] o.s.t.web.servlet.TestDispatcherServlet  : Completed initialization in 17 ms
2021-04-11 16:33:45.096  INFO 17592 --- [    Test worker] c.j.b.s.web.HelloControllerTest          : Started HelloControllerTest in 1.646 seconds (JVM running for 13.366)
]]></system-out>
  <system-err><![CDATA[]]></system-err>
</testsuite>
