<?xml version="1.0" encoding="UTF-8"?>
<testsuite name="com.jujuidu.book.springboot.web.IndexControllerTest" tests="1" skipped="0" failures="0" errors="0" timestamp="2021-04-11T07:33:48" hostname="DESKTOP-NM8ES6P" time="0.211">
  <properties/>
  <testcase name="메인페이지_로딩" classname="com.jujuidu.book.springboot.web.IndexControllerTest" time="0.211"/>
  <system-out><![CDATA[2021-04-11 16:33:45.330  INFO 17592 --- [    Test worker] .b.t.c.SpringBootTestContextBootstrapper : Neither @ContextConfiguration nor @ContextHierarchy found for test class [com.jujuidu.book.springboot.web.IndexControllerTest], using SpringBootContextLoader
2021-04-11 16:33:45.332  INFO 17592 --- [    Test worker] o.s.t.c.support.AbstractContextLoader    : Could not detect default resource locations for test class [com.jujuidu.book.springboot.web.IndexControllerTest]: no resource found for suffixes {-context.xml, Context.groovy}.
2021-04-11 16:33:45.332  INFO 17592 --- [    Test worker] t.c.s.AnnotationConfigContextLoaderUtils : Could not detect default configuration classes for test class [com.jujuidu.book.springboot.web.IndexControllerTest]: IndexControllerTest does not declare any static, non-private, non-final, nested classes annotated with @Configuration.
2021-04-11 16:33:45.335  INFO 17592 --- [    Test worker] .b.t.c.SpringBootTestContextBootstrapper : Found @SpringBootConfiguration com.jujuidu.book.springboot.Application for test class com.jujuidu.book.springboot.web.IndexControllerTest
2021-04-11 16:33:45.337  INFO 17592 --- [    Test worker] .b.t.c.SpringBootTestContextBootstrapper : Loaded default TestExecutionListener class names from location [META-INF/spring.factories]: [org.springframework.security.test.context.support.WithSecurityContextTestExecutionListener, org.springframework.security.test.context.support.ReactorContextTestExecutionListener, org.springframework.boot.test.autoconfigure.restdocs.RestDocsTestExecutionListener, org.springframework.boot.test.autoconfigure.web.client.MockRestServiceServerResetTestExecutionListener, org.springframework.boot.test.autoconfigure.web.servlet.MockMvcPrintOnlyOnFailureTestExecutionListener, org.springframework.boot.test.autoconfigure.web.servlet.WebDriverTestExecutionListener, org.springframework.boot.test.mock.mockito.MockitoTestExecutionListener, org.springframework.boot.test.mock.mockito.ResetMocksTestExecutionListener, org.springframework.test.context.web.ServletTestExecutionListener, org.springframework.test.context.support.DirtiesContextBeforeModesTestExecutionListener, org.springframework.test.context.support.DependencyInjectionTestExecutionListener, org.springframework.test.context.support.DirtiesContextTestExecutionListener, org.springframework.test.context.transaction.TransactionalTestExecutionListener, org.springframework.test.context.jdbc.SqlScriptsTestExecutionListener]
2021-04-11 16:33:45.339  INFO 17592 --- [    Test worker] .b.t.c.SpringBootTestContextBootstrapper : Using TestExecutionListeners: [org.springframework.test.context.web.ServletTestExecutionListener@684beeea, org.springframework.test.context.support.DirtiesContextBeforeModesTestExecutionListener@6c671281, org.springframework.boot.test.mock.mockito.MockitoTestExecutionListener@52542fe0, org.springframework.boot.test.autoconfigure.SpringBootDependencyInjectionTestExecutionListener@2fa51324, org.springframework.test.context.support.DirtiesContextTestExecutionListener@18ae8484, org.springframework.test.context.transaction.TransactionalTestExecutionListener@4c897e0a, org.springframework.test.context.jdbc.SqlScriptsTestExecutionListener@3fd17354, org.springframework.security.test.context.support.WithSecurityContextTestExecutionListener@386a7bb9, org.springframework.security.test.context.support.ReactorContextTestExecutionListener@540c4294, org.springframework.boot.test.autoconfigure.restdocs.RestDocsTestExecutionListener@53721f31, org.springframework.boot.test.autoconfigure.web.client.MockRestServiceServerResetTestExecutionListener@678d8dd8, org.springframework.boot.test.autoconfigure.web.servlet.MockMvcPrintOnlyOnFailureTestExecutionListener@cd19523, org.springframework.boot.test.autoconfigure.web.servlet.WebDriverTestExecutionListener@3aff6ecf, org.springframework.boot.test.mock.mockito.ResetMocksTestExecutionListener@79b77536]

  .   ____          _            __ _ _
 /\\ / ___'_ __ _ _(_)_ __  __ _ \ \ \ \
( ( )\___ | '_ | '_| | '_ \/ _` | \ \ \ \
 \\/  ___)| |_)| | | | | || (_| |  ) ) ) )
  '  |____| .__|_| |_|_| |_\__, | / / / /
 =========|_|==============|___/=/_/_/_/
 :: Spring Boot ::        (v2.1.9.RELEASE)

2021-04-11 16:33:45.444  INFO 17592 --- [    Test worker] c.j.b.s.web.IndexControllerTest          : Starting IndexControllerTest on DESKTOP-NM8ES6P with PID 17592 (started by gusdl in C:\Users\gusdl\IdeaProjects\freelec-springboot-webservice)
2021-04-11 16:33:45.444  INFO 17592 --- [    Test worker] c.j.b.s.web.IndexControllerTest          : The following profiles are active: oauth
2021-04-11 16:33:45.777  INFO 17592 --- [    Test worker] .s.d.r.c.RepositoryConfigurationDelegate : Bootstrapping Spring Data repositories in DEFAULT mode.
2021-04-11 16:33:45.819  INFO 17592 --- [    Test worker] .s.d.r.c.RepositoryConfigurationDelegate : Finished Spring Data repository scanning in 42ms. Found 2 repository interfaces.
2021-04-11 16:33:45.958  INFO 17592 --- [    Test worker] trationDelegate$BeanPostProcessorChecker : Bean 'org.springframework.transaction.annotation.ProxyTransactionManagementConfiguration' of type [org.springframework.transaction.annotation.ProxyTransactionManagementConfiguration$$EnhancerBySpringCGLIB$$a5740704] is not eligible for getting processed by all BeanPostProcessors (for example: not eligible for auto-proxying)
2021-04-11 16:33:46.373  INFO 17592 --- [    Test worker] o.s.b.w.embedded.tomcat.TomcatWebServer  : Tomcat initialized with port(s): 0 (http)
2021-04-11 16:33:46.413  INFO 17592 --- [    Test worker] o.apache.catalina.core.StandardService   : Starting service [Tomcat]
2021-04-11 16:33:46.413  INFO 17592 --- [    Test worker] org.apache.catalina.core.StandardEngine  : Starting Servlet engine: [Apache Tomcat/9.0.26]
2021-04-11 16:33:46.659  INFO 17592 --- [    Test worker] o.a.c.c.C.[Tomcat].[localhost].[/]       : Initializing Spring embedded WebApplicationContext
2021-04-11 16:33:46.659  INFO 17592 --- [    Test worker] o.s.web.context.ContextLoader            : Root WebApplicationContext: initialization completed in 1209 ms
2021-04-11 16:33:46.962  INFO 17592 --- [    Test worker] com.zaxxer.hikari.HikariDataSource       : HikariPool-2 - Starting...
2021-04-11 16:33:46.964  INFO 17592 --- [    Test worker] com.zaxxer.hikari.HikariDataSource       : HikariPool-2 - Start completed.
2021-04-11 16:33:47.018  INFO 17592 --- [    Test worker] o.hibernate.jpa.internal.util.LogHelper  : HHH000204: Processing PersistenceUnitInfo [
	name: default
	...]
2021-04-11 16:33:47.036  INFO 17592 --- [    Test worker] org.hibernate.dialect.Dialect            : HHH000400: Using dialect: org.hibernate.dialect.H2Dialect
Hibernate: drop table posts if exists
Hibernate: drop table user if exists
Hibernate: create table posts (id bigint generated by default as identity, create_date timestamp, modified_date timestamp, author varchar(255), content TEXT not null, title varchar(500) not null, primary key (id))
Hibernate: create table user (id bigint generated by default as identity, create_date timestamp, modified_date timestamp, email varchar(255) not null, name varchar(255) not null, picture varchar(255), role varchar(255) not null, primary key (id))
2021-04-11 16:33:47.114  INFO 17592 --- [    Test worker] o.h.t.schema.internal.SchemaCreatorImpl  : HHH000476: Executing import script 'org.hibernate.tool.schema.internal.exec.ScriptSourceInputNonExistentImpl@77d3cac5'
2021-04-11 16:33:47.114  INFO 17592 --- [    Test worker] j.LocalContainerEntityManagerFactoryBean : Initialized JPA EntityManagerFactory for persistence unit 'default'
2021-04-11 16:33:47.499  INFO 17592 --- [    Test worker] o.h.h.i.QueryTranslatorFactoryInitiator  : HHH000397: Using ASTQueryTranslatorFactory
2021-04-11 16:33:47.693  INFO 17592 --- [    Test worker] o.s.s.web.DefaultSecurityFilterChain     : Creating filter chain: any request, [org.springframework.security.web.context.request.async.WebAsyncManagerIntegrationFilter@77d5610d, org.springframework.security.web.context.SecurityContextPersistenceFilter@7926083d, org.springframework.security.web.header.HeaderWriterFilter@482be69a, org.springframework.security.web.authentication.logout.LogoutFilter@52c8e4cb, org.springframework.security.oauth2.client.web.OAuth2AuthorizationRequestRedirectFilter@e87a7c2, org.springframework.security.oauth2.client.web.OAuth2LoginAuthenticationFilter@50fb299, org.springframework.security.web.authentication.ui.DefaultLoginPageGeneratingFilter@1be6706a, org.springframework.security.web.authentication.ui.DefaultLogoutPageGeneratingFilter@6b2f3151, org.springframework.security.web.savedrequest.RequestCacheAwareFilter@1e0d14d2, org.springframework.security.web.servletapi.SecurityContextHolderAwareRequestFilter@9852ebf, org.springframework.security.web.authentication.AnonymousAuthenticationFilter@58a53241, org.springframework.security.web.session.SessionManagementFilter@d43f64b, org.springframework.security.web.access.ExceptionTranslationFilter@44347f14, org.springframework.security.web.access.intercept.FilterSecurityInterceptor@2ea6481e]
2021-04-11 16:33:47.966  INFO 17592 --- [    Test worker] o.s.s.concurrent.ThreadPoolTaskExecutor  : Initializing ExecutorService 'applicationTaskExecutor'
2021-04-11 16:33:47.981  WARN 17592 --- [    Test worker] aWebConfiguration$JpaWebMvcConfiguration : spring.jpa.open-in-view is enabled by default. Therefore, database queries may be performed during view rendering. Explicitly configure spring.jpa.open-in-view to disable this warning
2021-04-11 16:33:48.014  INFO 17592 --- [    Test worker] o.s.b.a.w.s.WelcomePageHandlerMapping    : Adding welcome page template: index
2021-04-11 16:33:48.374  INFO 17592 --- [    Test worker] s.a.ScheduledAnnotationBeanPostProcessor : No TaskScheduler/ScheduledExecutorService bean found for scheduled processing
2021-04-11 16:33:48.398  INFO 17592 --- [    Test worker] o.s.b.w.embedded.tomcat.TomcatWebServer  : Tomcat started on port(s): 54144 (http) with context path ''
2021-04-11 16:33:48.399  INFO 17592 --- [    Test worker] c.j.b.s.web.IndexControllerTest          : Started IndexControllerTest in 3.057 seconds (JVM running for 16.668)
2021-04-11 16:33:48.516  INFO 17592 --- [o-auto-1-exec-1] o.a.c.c.C.[Tomcat].[localhost].[/]       : Initializing Spring DispatcherServlet 'dispatcherServlet'
2021-04-11 16:33:48.516  INFO 17592 --- [o-auto-1-exec-1] o.s.web.servlet.DispatcherServlet        : Initializing Servlet 'dispatcherServlet'
2021-04-11 16:33:48.542  INFO 17592 --- [o-auto-1-exec-1] o.s.web.servlet.DispatcherServlet        : Completed initialization in 26 ms
Hibernate: select posts0_.id as id1_0_, posts0_.create_date as create_d2_0_, posts0_.modified_date as modified3_0_, posts0_.author as author4_0_, posts0_.content as content5_0_, posts0_.title as title6_0_ from posts posts0_ order by posts0_.id DESC
]]></system-out>
  <system-err><![CDATA[]]></system-err>
</testsuite>
